#
# A fatal error has been detected by the Java Runtime Environment:
#
#  EXCEPTION_ACCESS_VIOLATION (0xc0000005) at pc=0x00007ffe03f8a598, pid=44332, tid=20028
#
# JRE version: OpenJDK Runtime Environment (16.0+36) (build 16+36-2231)
# Java VM: OpenJDK 64-Bit Server VM (16+36-2231, mixed mode, sharing, tiered, compressed oops, g1 gc, windows-amd64)
# Problematic frame:
# V  [jvm.dll+0x23a598]
#
# No core dump will be written. Minidumps are not enabled by default on client versions of Windows
#
# If you would like to submit a bug report, please visit:
#   https://bugreport.java.com/bugreport/crash.jsp
#

---------------  S U M M A R Y ------------

Command Line: -agentlib:jdwp=transport=dt_socket,address=127.0.0.1:58439,suspend=y,server=n -javaagent:C:\Users\koma0\AppData\Local\JetBrains\IdeaIC2020.2\captureAgent\debugger-agent.jar -Dfile.encoding=UTF-8 com.example.Spring.Application

Host: Intel(R) Core(TM) i7-7700HQ CPU @ 2.80GHz, 8 cores, 7G,  Windows 10 , 64 bit Build 19041 (10.0.19041.928)
Time: Thu May  6 16:50:29 2021 RTZ 2 (s 10 , 64 bit Build 19041 (10.0.19041.928) elapsed time: 2969.715793 seconds (0d 0h 49m 29s)

---------------  T H R E A D  ---------------

Current thread (0x0000015fd5347510):  VMThread "VM Thread" [stack: 0x0000004f58d00000,0x0000004f58e00000] [id=20028]

Stack: [0x0000004f58d00000,0x0000004f58e00000],  sp=0x0000004f58dfecb8,  free space=1019k
Native frames: (J=compiled Java code, j=interpreted, Vv=VM code, C=native code)
V  [jvm.dll+0x23a598]


siginfo: EXCEPTION_ACCESS_VIOLATION (0xc0000005), reading address 0x0000015fe50ce730


Register to memory mapping:

RIP=0x00007ffe03f8a598 jvm.dll
RAX=0x0000000000194680 is an unknown value
RBX=0x0000015fe4ed13f0 is pointing into metadata
RCX=0x0000015fe4f3a0b0 is pointing into metadata
RDX=0x000000000000ca33 is an unknown value
RSP=0x0000004f58dfecb8 points into unknown readable memory: 0x00007ffe03f8a61e | 1e a6 f8 03 fe 7f 00 00
RBP=0x0000004f58dfedf0 points into unknown readable memory: 0xffffffffffffffff | ff ff ff ff ff ff ff ff
RSI=0x0 is NULL
RDI=0x0000004f58dff400 points into unknown readable memory: 0x00007ffe046822b8 | b8 22 68 04 fe 7f 00 00
R8 =0x0 is NULL
R9 =0x0000015fe4ed13f0 is pointing into metadata
R10=0x0000000000000001 is an unknown value
R11=0x0 is NULL
R12=0x00007ffe03d50000 jvm.dll
R13=0x0000015fdc2436c0 points into unknown readable memory: 0x00000095827ed400 | 00 d4 7e 82 95 00 00 00
R14=0x0000015fe4ed3040 is pointing into metadata
R15=0x00000000000000a3 is an unknown value


Registers:
RAX=0x0000000000194680, RBX=0x0000015fe4ed13f0, RCX=0x0000015fe4f3a0b0, RDX=0x000000000000ca33
RSP=0x0000004f58dfecb8, RBP=0x0000004f58dfedf0, RSI=0x0000000000000000, RDI=0x0000004f58dff400
R8 =0x0000000000000000, R9 =0x0000015fe4ed13f0, R10=0x0000000000000001, R11=0x0000000000000000
R12=0x00007ffe03d50000, R13=0x0000015fdc2436c0, R14=0x0000015fe4ed3040, R15=0x00000000000000a3
RIP=0x00007ffe03f8a598, EFLAGS=0x0000000000010202

Top of Stack: (sp=0x0000004f58dfecb8)
0x0000004f58dfecb8:   00007ffe03f8a61e 0000004f58dfed48
0x0000004f58dfecc8:   0000000000000000 0000000800410068
0x0000004f58dfecd8:   0000000000000000 0000004f58dff270
0x0000004f58dfece8:   00007ffe0407cf54 0000000000000000
0x0000004f58dfecf8:   0000000000000000 0000000000000000
0x0000004f58dfed08:   0000015fd676d548 000000000477e360
0x0000004f58dfed18:   00007ffe03f60472 00000008004168c0
0x0000004f58dfed28:   00007ffe0000000c 0000000000000000
0x0000004f58dfed38:   0000004f58dfed90 0000000000000001
0x0000004f58dfed48:   00000008004168c0 0000001400000002
0x0000004f58dfed58:   0000000000000014 000000030000000c
0x0000004f58dfed68:   0000000800410068 0000000000000000
0x0000004f58dfed78:   000000004600009d 0000004f58dff4d0
0x0000004f58dfed88:   00007ffe04434fa2 4fffffff4fffffff
0x0000004f58dfed98:   00007ffe04435b24 0000004f58dfef00
0x0000004f58dfeda8:   0000000000000000 0000004f58dff400 

Instructions: (pc=0x00007ffe03f8a598)
0x00007ffe03f8a498:   03 03 03 03 03 03 03 03 03 03 03 03 03 03 03 03
0x00007ffe03f8a4a8:   03 03 03 03 03 03 03 03 03 03 03 03 03 03 03 03
0x00007ffe03f8a4b8:   03 03 03 03 03 03 03 03 03 03 03 03 03 03 03 03
0x00007ffe03f8a4c8:   03 03 03 03 03 03 03 03 03 03 03 03 03 03 03 03
0x00007ffe03f8a4d8:   03 03 03 02 03 03 02 cc 48 89 5c 24 08 48 89 74
0x00007ffe03f8a4e8:   24 10 57 48 83 ec 20 48 63 da 41 0f b6 f0 48 8b
0x00007ffe03f8a4f8:   f9 85 d2 79 24 4c 8d 0d dc 92 69 00 ba b4 02 00
0x00007ffe03f8a508:   00 4c 8d 05 08 93 69 00 48 8d 0d 71 92 69 00 e8
0x00007ffe03f8a518:   b4 88 00 00 e8 2f d8 42 00 40 84 f6 75 18 48 8b
0x00007ffe03f8a528:   4f 10 48 85 c9 74 0f 48 8d 43 01 48 c1 e0 05 48
0x00007ffe03f8a538:   8b 04 08 0f b7 d8 48 8b 74 24 38 48 63 c3 48 8b
0x00007ffe03f8a548:   5c 24 30 0f b7 44 c7 48 48 83 c4 20 5f c3 cc cc
0x00007ffe03f8a558:   cc cc cc cc cc cc cc cc 4c 8b c9 45 84 c0 75 41
0x00007ffe03f8a568:   48 8b 49 10 48 85 c9 74 38 85 d2 79 19 f7 d2 8b
0x00007ffe03f8a578:   c2 48 ff c0 48 c1 e0 05 48 8b 04 08 0f b7 c8 41
0x00007ffe03f8a588:   0f b7 44 c9 4a c3 48 63 c2 48 ff c0 48 c1 e0 05
0x00007ffe03f8a598:   48 8b 04 08 0f b7 d0 48 63 c2 41 0f b7 44 c1 4a
0x00007ffe03f8a5a8:   c3 49 8b 41 08 4c 63 c2 42 0f b6 44 00 04 8d 48
0x00007ffe03f8a5b8:   ef 80 f9 01 76 0e 3c 6a 74 0a 48 63 c2 41 0f b7
0x00007ffe03f8a5c8:   44 c1 4a c3 43 0f b7 44 c1 4a c3 cc cc cc cc cc
0x00007ffe03f8a5d8:   cc cc cc cc cc cc cc cc 40 53 48 83 ec 20 48 8b
0x00007ffe03f8a5e8:   d9 e8 72 ff ff ff 48 63 d0 0f b7 44 d3 48 48 8b
0x00007ffe03f8a5f8:   44 c3 48 48 83 c4 20 5b c3 cc cc cc cc cc cc cc
0x00007ffe03f8a608:   cc cc cc cc cc cc cc cc 40 53 48 83 ec 20 48 8b
0x00007ffe03f8a618:   d9 e8 42 ff ff ff 48 63 d0 0f b7 44 d3 4a 48 8b
0x00007ffe03f8a628:   44 c3 48 48 83 c4 20 5b c3 cc cc cc cc cc cc cc
0x00007ffe03f8a638:   cc cc cc cc cc cc cc cc 4c 8b d1 45 84 c9 75 28
0x00007ffe03f8a648:   4c 8b 49 10 4d 85 c9 74 1f 45 85 c0 79 08 41 f7
0x00007ffe03f8a658:   d0 41 8b c0 eb 03 49 63 c0 48 ff c0 48 c1 e0 05
0x00007ffe03f8a668:   4a 8b 04 08 44 0f b7 c0 49 8b 42 08 49 63 c8 0f
0x00007ffe03f8a678:   b6 4c 08 04 48 8b c2 88 0a c3 cc cc cc cc cc cc
0x00007ffe03f8a688:   cc cc cc cc cc cc cc cc 40 56 57 41 54 41 56 41 


Stack slot to memory mapping:
stack at sp + 0 slots: 0x00007ffe03f8a61e jvm.dll
stack at sp + 1 slots: 0x0000004f58dfed48 points into unknown readable memory: 0x00000008004168c0 | c0 68 41 00 08 00 00 00
stack at sp + 2 slots: 0x0 is NULL
stack at sp + 3 slots: 0x0000000800410068 is pointing into metadata
stack at sp + 4 slots: 0x0 is NULL
stack at sp + 5 slots: 0x0000004f58dff270 points into unknown readable memory: 0x0000015fe4ed3200 | 00 32 ed e4 5f 01 00 00
stack at sp + 6 slots: 0x00007ffe0407cf54 jvm.dll
stack at sp + 7 slots: 0x0 is NULL

VM_Operation (0x0000004f598ff3e0): get/set locals, mode: safepoint, requested by thread 0x0000015fd5ef7660


---------------  P R O C E S S  ---------------

Threads class SMR info:
_java_thread_list=0x0000015fe0717ae0, length=36, elements={
0x0000015fd534b900, 0x0000015fd534cf60, 0x0000015fd5362180, 0x0000015fd5364c90,
0x0000015fd5367e40, 0x0000015fd5368fe0, 0x0000015fd536da60, 0x0000015fd536ecf0,
0x0000015fd537c2d0, 0x0000015fd5d5e9c0, 0x0000015fd5ef7660, 0x0000015fd5e59720,
0x0000015fd5e5a270, 0x0000015fd605c890, 0x0000015fdc873950, 0x0000015fdc8743f0,
0x0000015fdf14e7a0, 0x0000015fdf14c7c0, 0x0000015fdf151220, 0x0000015fdf14d7b0,
0x0000015fdf14cd10, 0x0000015fdf1497f0, 0x0000015fdf14b7d0, 0x0000015fdf150230,
0x0000015fdf14bd20, 0x0000015fdf14c270, 0x0000015fdf14d260, 0x0000015fdf150780,
0x0000015fdf14dd00, 0x0000015fdf14ecf0, 0x0000015fdf14fce0, 0x0000015fd9f0bbc0,
0x0000015fd9f0cbb0, 0x0000015fd9f0c660, 0x0000015fd9f0b670, 0x0000015fd9f11610
}

Java Threads: ( => current thread )
  0x0000015fd534b900 JavaThread "Reference Handler" daemon [_thread_blocked, id=39448, stack(0x0000004f58e00000,0x0000004f58f00000)]
  0x0000015fd534cf60 JavaThread "Finalizer" daemon [_thread_blocked, id=55644, stack(0x0000004f58f00000,0x0000004f59000000)]
  0x0000015fd5362180 JavaThread "Signal Dispatcher" daemon [_thread_blocked, id=57668, stack(0x0000004f59000000,0x0000004f59100000)]
  0x0000015fd5364c90 JavaThread "Attach Listener" daemon [_thread_blocked, id=33400, stack(0x0000004f59100000,0x0000004f59200000)]
  0x0000015fd5367e40 JavaThread "Service Thread" daemon [_thread_blocked, id=40520, stack(0x0000004f59200000,0x0000004f59300000)]
  0x0000015fd5368fe0 JavaThread "Monitor Deflation Thread" daemon [_thread_blocked, id=58948, stack(0x0000004f59300000,0x0000004f59400000)]
  0x0000015fd536da60 JavaThread "C2 CompilerThread0" daemon [_thread_blocked, id=12912, stack(0x0000004f59400000,0x0000004f59500000)]
  0x0000015fd536ecf0 JavaThread "C1 CompilerThread0" daemon [_thread_blocked, id=53808, stack(0x0000004f59500000,0x0000004f59600000)]
  0x0000015fd537c2d0 JavaThread "Sweeper thread" daemon [_thread_blocked, id=26076, stack(0x0000004f59600000,0x0000004f59700000)]
  0x0000015fd5d5e9c0 JavaThread "Common-Cleaner" daemon [_thread_blocked, id=50068, stack(0x0000004f59700000,0x0000004f59800000)]
  0x0000015fd5ef7660 JavaThread "JDWP Transport Listener: dt_socket" daemon [_thread_blocked, id=31412, stack(0x0000004f59800000,0x0000004f59900000)]
  0x0000015fd5e59720 JavaThread "JDWP Event Helper Thread" daemon [_thread_blocked, id=18688, stack(0x0000004f59900000,0x0000004f59a00000)]
  0x0000015fd5e5a270 JavaThread "JDWP Command Reader" daemon [_thread_in_native, id=12088, stack(0x0000004f59a00000,0x0000004f59b00000)]
  0x0000015fd605c890 JavaThread "Notification Thread" daemon [_thread_blocked, id=49644, stack(0x0000004f59c00000,0x0000004f59d00000)]
  0x0000015fdc873950 JavaThread "mysql-cj-abandoned-connection-cleanup" daemon [_thread_blocked, id=25932, stack(0x0000004f5a900000,0x0000004f5aa00000)]
  0x0000015fdc8743f0 JavaThread "Live Reload Server" daemon [_thread_in_native, id=36688, stack(0x0000004f5b100000,0x0000004f5b200000)]
  0x0000015fdf14e7a0 JavaThread "DestroyJavaVM" [_thread_blocked, id=42452, stack(0x0000004f58700000,0x0000004f58800000)]
  0x0000015fdf14c7c0 JavaThread "HikariPool-5 housekeeper" daemon [_thread_blocked, id=18756, stack(0x0000004f5a600000,0x0000004f5a700000)]
  0x0000015fdf151220 JavaThread "Catalina-utility-1" [_thread_blocked, id=1412, stack(0x0000004f5aa00000,0x0000004f5ab00000)]
  0x0000015fdf14d7b0 JavaThread "Catalina-utility-2" [_thread_blocked, id=10504, stack(0x0000004f5ab00000,0x0000004f5ac00000)]
  0x0000015fdf14cd10 JavaThread "container-0" [_thread_blocked, id=27484, stack(0x0000004f5ac00000,0x0000004f5ad00000)]
  0x0000015fdf1497f0 JavaThread "File Watcher" daemon [_thread_blocked, id=24448, stack(0x0000004f5ad00000,0x0000004f5ae00000)]
  0x0000015fdf14b7d0 JavaThread "http-nio-8088-BlockPoller" daemon [_thread_blocked, id=18104, stack(0x0000004f5ae00000,0x0000004f5af00000)]
  0x0000015fdf150230 JavaThread "http-nio-8088-exec-1" daemon [_thread_blocked, id=47732, stack(0x0000004f5af00000,0x0000004f5b000000)]
  0x0000015fdf14bd20 JavaThread "http-nio-8088-exec-2" daemon [_thread_blocked, id=45380, stack(0x0000004f5b000000,0x0000004f5b100000)]
  0x0000015fdf14c270 JavaThread "http-nio-8088-exec-3" daemon [_thread_blocked, id=32568, stack(0x0000004f5b200000,0x0000004f5b300000)]
  0x0000015fdf14d260 JavaThread "http-nio-8088-exec-4" daemon [_thread_blocked, id=44312, stack(0x0000004f5b300000,0x0000004f5b400000)]
  0x0000015fdf150780 JavaThread "http-nio-8088-exec-5" daemon [_thread_blocked, id=20248, stack(0x0000004f5b400000,0x0000004f5b500000)]
  0x0000015fdf14dd00 JavaThread "http-nio-8088-exec-6" daemon [_thread_blocked, id=20908, stack(0x0000004f5b500000,0x0000004f5b600000)]
  0x0000015fdf14ecf0 JavaThread "http-nio-8088-exec-7" daemon [_thread_blocked, id=17428, stack(0x0000004f5b600000,0x0000004f5b700000)]
  0x0000015fdf14fce0 JavaThread "http-nio-8088-exec-8" daemon [_thread_blocked, id=38008, stack(0x0000004f5b700000,0x0000004f5b800000)]
  0x0000015fd9f0bbc0 JavaThread "http-nio-8088-exec-9" daemon [_thread_blocked, id=9960, stack(0x0000004f5b800000,0x0000004f5b900000)]
  0x0000015fd9f0cbb0 JavaThread "http-nio-8088-exec-10" daemon [_thread_blocked, id=24716, stack(0x0000004f5b900000,0x0000004f5ba00000)]
  0x0000015fd9f0c660 JavaThread "http-nio-8088-ClientPoller" daemon [_thread_blocked, id=9060, stack(0x0000004f5ba00000,0x0000004f5bb00000)]
  0x0000015fd9f0b670 JavaThread "http-nio-8088-Acceptor" daemon [_thread_in_native, id=34248, stack(0x0000004f5bb00000,0x0000004f5bc00000)]
  0x0000015fd9f11610 JavaThread "pool-5-thread-1" [_thread_blocked, id=46580, stack(0x0000004f5bc00000,0x0000004f5bd00000)]

Other Threads:
=>0x0000015fd5347510 VMThread "VM Thread" [stack: 0x0000004f58d00000,0x0000004f58e00000] [id=20028]
  0x0000015fb73fb9c0 WatcherThread [stack: 0x0000004f59d00000,0x0000004f59e00000] [id=35692]
  0x0000015fb7439bd0 GCTaskThread "GC Thread#0" [stack: 0x0000004f58800000,0x0000004f58900000] [id=51372]
  0x0000015fd6434160 GCTaskThread "GC Thread#1" [stack: 0x0000004f59e00000,0x0000004f59f00000] [id=43852]
  0x0000015fd6434470 GCTaskThread "GC Thread#2" [stack: 0x0000004f59f00000,0x0000004f5a000000] [id=57376]
  0x0000015fd67eb1b0 GCTaskThread "GC Thread#3" [stack: 0x0000004f5a000000,0x0000004f5a100000] [id=47000]
  0x0000015fd67eb4c0 GCTaskThread "GC Thread#4" [stack: 0x0000004f5a100000,0x0000004f5a200000] [id=44160]
  0x0000015fd67b1130 GCTaskThread "GC Thread#5" [stack: 0x0000004f5a200000,0x0000004f5a300000] [id=17756]
  0x0000015fd67c9cb0 GCTaskThread "GC Thread#6" [stack: 0x0000004f5a300000,0x0000004f5a400000] [id=25768]
  0x0000015fd6434780 GCTaskThread "GC Thread#7" [stack: 0x0000004f5a400000,0x0000004f5a500000] [id=51408]
  0x0000015fb744a910 ConcurrentGCThread "G1 Main Marker" [stack: 0x0000004f58900000,0x0000004f58a00000] [id=41268]
  0x0000015fb744bba0 ConcurrentGCThread "G1 Conc#0" [stack: 0x0000004f58a00000,0x0000004f58b00000] [id=40928]
  0x0000015fd95616e0 ConcurrentGCThread "G1 Conc#1" [stack: 0x0000004f5a700000,0x0000004f5a800000] [id=49912]
  0x0000015fd5200090 ConcurrentGCThread "G1 Refine#0" [stack: 0x0000004f58b00000,0x0000004f58c00000] [id=31212]
  0x0000015fd5200b90 ConcurrentGCThread "G1 Service" [stack: 0x0000004f58c00000,0x0000004f58d00000] [id=31068]

Threads with active compile tasks:

VM state: at safepoint (normal execution)

VM Mutex/Monitor currently owned by a thread:  ([mutex/lock_event])
[0x0000015fb73f5780] Threads_lock - owner thread: 0x0000015fd5347510

Heap address: 0x0000000082000000, size: 2016 MB, Compressed Oops mode: 32-bit
CDS archive(s) mapped at: [0x0000000800000000-0x0000000800bb0000-0x0000000800bb0000), size 12255232, SharedBaseAddress: 0x0000000800000000, ArchiveRelocationMode: 0.
Compressed class space mapped at: 0x0000000800c00000-0x0000000840c00000, reserved size: 1073741824
Narrow klass base: 0x0000000800000000, Narrow klass shift: 3, Narrow klass range: 0x100000000

GC Precious Log:
 CPUs: 8 total, 8 available
 Memory: 8058M
 Large Page Support: Disabled
 NUMA Support: Disabled
 Compressed Oops: Enabled (32-bit)
 Heap Region Size: 1M
 Heap Min Capacity: 8M
 Heap Initial Capacity: 126M
 Heap Max Capacity: 2016M
 Pre-touch: Disabled
 Parallel Workers: 8
 Concurrent Workers: 2
 Concurrent Refinement Workers: 8
 Periodic GC: Disabled

Heap:
 garbage-first heap   total 128000K, used 90725K [0x0000000082000000, 0x0000000100000000)
  region size 1024K, 52 young (53248K), 1 survivors (1024K)
 Metaspace       used 73248K, committed 73792K, reserved 1114112K
  class space    used 8861K, committed 9152K, reserved 1048576K

Heap Regions: E=young(eden), S=young(survivor), O=old, HS=humongous(starts), HC=humongous(continues), CS=collection set, F=free, OA=open archive, CA=closed archive, TAMS=top-at-mark-start (previous, next)
|   0|0x0000000082000000, 0x0000000082100000, 0x0000000082100000|100%|HS|  |TAMS 0x0000000082100000, 0x0000000082000000| Untracked 
|   1|0x0000000082100000, 0x00000000821f9748, 0x0000000082200000| 97%| O|  |TAMS 0x0000000082100000, 0x0000000082100000| Untracked 
|   2|0x0000000082200000, 0x00000000822ffff0, 0x0000000082300000| 99%| O|  |TAMS 0x0000000082200000, 0x0000000082200000| Untracked 
|   3|0x0000000082300000, 0x00000000823fff88, 0x0000000082400000| 99%| O|  |TAMS 0x0000000082300000, 0x0000000082300000| Untracked 
|   4|0x0000000082400000, 0x00000000824fffd0, 0x0000000082500000| 99%| O|  |TAMS 0x0000000082400000, 0x0000000082400000| Untracked 
|   5|0x0000000082500000, 0x00000000825fffc8, 0x0000000082600000| 99%| O|  |TAMS 0x0000000082500000, 0x0000000082500000| Untracked 
|   6|0x0000000082600000, 0x0000000082700000, 0x0000000082700000|100%| O|  |TAMS 0x0000000082600000, 0x0000000082600000| Untracked 
|   7|0x0000000082700000, 0x0000000082800000, 0x0000000082800000|100%| O|  |TAMS 0x0000000082700000, 0x0000000082700000| Untracked 
|   8|0x0000000082800000, 0x00000000828fffd8, 0x0000000082900000| 99%| O|  |TAMS 0x0000000082800000, 0x0000000082800000| Untracked 
|   9|0x0000000082900000, 0x00000000829fffb0, 0x0000000082a00000| 99%| O|  |TAMS 0x0000000082900000, 0x0000000082900000| Untracked 
|  10|0x0000000082a00000, 0x0000000082afffb0, 0x0000000082b00000| 99%| O|  |TAMS 0x0000000082a00000, 0x0000000082a00000| Untracked 
|  11|0x0000000082b00000, 0x0000000082c00000, 0x0000000082c00000|100%| O|  |TAMS 0x0000000082b00000, 0x0000000082b00000| Untracked 
|  12|0x0000000082c00000, 0x0000000082cffff8, 0x0000000082d00000| 99%| O|  |TAMS 0x0000000082c00000, 0x0000000082c00000| Untracked 
|  13|0x0000000082d00000, 0x0000000082dfffb0, 0x0000000082e00000| 99%| O|  |TAMS 0x0000000082d00000, 0x0000000082d00000| Untracked 
|  14|0x0000000082e00000, 0x0000000082f00000, 0x0000000082f00000|100%| O|  |TAMS 0x0000000082e00000, 0x0000000082e00000| Untracked 
|  15|0x0000000082f00000, 0x0000000082fffff0, 0x0000000083000000| 99%| O|  |TAMS 0x0000000082f00000, 0x0000000082f00000| Untracked 
|  16|0x0000000083000000, 0x00000000830ff7f8, 0x0000000083100000| 99%| O|  |TAMS 0x0000000083000000, 0x0000000083000000| Untracked 
|  17|0x0000000083100000, 0x00000000831fffe0, 0x0000000083200000| 99%| O|  |TAMS 0x0000000083100000, 0x0000000083100000| Untracked 
|  18|0x0000000083200000, 0x00000000832fff50, 0x0000000083300000| 99%| O|  |TAMS 0x0000000083200000, 0x0000000083200000| Untracked 
|  19|0x0000000083300000, 0x00000000833fffe8, 0x0000000083400000| 99%| O|  |TAMS 0x0000000083300000, 0x0000000083300000| Untracked 
|  20|0x0000000083400000, 0x00000000834ffff8, 0x0000000083500000| 99%| O|  |TAMS 0x0000000083400000, 0x0000000083400000| Untracked 
|  21|0x0000000083500000, 0x00000000835ffff8, 0x0000000083600000| 99%| O|  |TAMS 0x0000000083500000, 0x0000000083500000| Untracked 
|  22|0x0000000083600000, 0x0000000083700000, 0x0000000083700000|100%| O|  |TAMS 0x0000000083600000, 0x0000000083600000| Untracked 
|  23|0x0000000083700000, 0x00000000837ffff8, 0x0000000083800000| 99%| O|  |TAMS 0x0000000083700000, 0x0000000083700000| Untracked 
|  24|0x0000000083800000, 0x00000000838ffff8, 0x0000000083900000| 99%| O|  |TAMS 0x0000000083800000, 0x0000000083800000| Untracked 
|  25|0x0000000083900000, 0x00000000839ffff0, 0x0000000083a00000| 99%| O|  |TAMS 0x0000000083900000, 0x0000000083900000| Untracked 
|  26|0x0000000083a00000, 0x0000000083ab4d80, 0x0000000083b00000| 70%| O|  |TAMS 0x0000000083a00000, 0x0000000083a00000| Untracked 
|  27|0x0000000083b00000, 0x0000000083bffeb8, 0x0000000083c00000| 99%| O|  |TAMS 0x0000000083b00000, 0x0000000083b00000| Untracked 
|  28|0x0000000083c00000, 0x0000000083d00000, 0x0000000083d00000|100%| O|  |TAMS 0x0000000083c00000, 0x0000000083c00000| Untracked 
|  29|0x0000000083d00000, 0x0000000083db4570, 0x0000000083e00000| 70%| O|  |TAMS 0x0000000083d00000, 0x0000000083d00000| Untracked 
|  30|0x0000000083e00000, 0x0000000083ef9c80, 0x0000000083f00000| 97%| O|  |TAMS 0x0000000083e00000, 0x0000000083e00000| Untracked 
|  31|0x0000000083f00000, 0x0000000084000000, 0x0000000084000000|100%| O|  |TAMS 0x0000000083f00000, 0x0000000083f00000| Untracked 
|  32|0x0000000084000000, 0x0000000084100000, 0x0000000084100000|100%| O|  |TAMS 0x0000000084000000, 0x0000000084000000| Untracked 
|  33|0x0000000084100000, 0x0000000084200000, 0x0000000084200000|100%| O|  |TAMS 0x0000000084100000, 0x0000000084100000| Untracked 
|  34|0x0000000084200000, 0x0000000084300000, 0x0000000084300000|100%| O|  |TAMS 0x0000000084200000, 0x0000000084200000| Untracked 
|  35|0x0000000084300000, 0x0000000084400000, 0x0000000084400000|100%| O|  |TAMS 0x0000000084300000, 0x0000000084300000| Untracked 
|  36|0x0000000084400000, 0x0000000084500000, 0x0000000084500000|100%| O|  |TAMS 0x0000000084400000, 0x0000000084400000| Untracked 
|  37|0x0000000084500000, 0x0000000084600000, 0x0000000084600000|100%| O|  |TAMS 0x0000000084500000, 0x0000000084500000| Untracked 
|  38|0x0000000084600000, 0x00000000846e3800, 0x0000000084700000| 88%| O|  |TAMS 0x0000000084600000, 0x0000000084600000| Untracked 
|  39|0x0000000084700000, 0x0000000084700000, 0x0000000084800000|  0%| F|  |TAMS 0x0000000084700000, 0x0000000084700000| Untracked 
|  40|0x0000000084800000, 0x0000000084800000, 0x0000000084900000|  0%| F|  |TAMS 0x0000000084800000, 0x0000000084800000| Untracked 
|  41|0x0000000084900000, 0x0000000084900000, 0x0000000084a00000|  0%| F|  |TAMS 0x0000000084900000, 0x0000000084900000| Untracked 
|  42|0x0000000084a00000, 0x0000000084a00000, 0x0000000084b00000|  0%| F|  |TAMS 0x0000000084a00000, 0x0000000084a00000| Untracked 
|  43|0x0000000084b00000, 0x0000000084b00000, 0x0000000084c00000|  0%| F|  |TAMS 0x0000000084b00000, 0x0000000084b00000| Untracked 
|  44|0x0000000084c00000, 0x0000000084c00000, 0x0000000084d00000|  0%| F|  |TAMS 0x0000000084c00000, 0x0000000084c00000| Untracked 
|  45|0x0000000084d00000, 0x0000000084d00000, 0x0000000084e00000|  0%| F|  |TAMS 0x0000000084d00000, 0x0000000084d00000| Untracked 
|  46|0x0000000084e00000, 0x0000000084e00000, 0x0000000084f00000|  0%| F|  |TAMS 0x0000000084e00000, 0x0000000084e00000| Untracked 
|  47|0x0000000084f00000, 0x0000000084f09e20, 0x0000000085000000|  3%| O|  |TAMS 0x0000000084f00000, 0x0000000084f00000| Untracked 
|  48|0x0000000085000000, 0x0000000085000000, 0x0000000085100000|  0%| F|  |TAMS 0x0000000085000000, 0x0000000085000000| Untracked 
|  49|0x0000000085100000, 0x0000000085100000, 0x0000000085200000|  0%| F|  |TAMS 0x0000000085100000, 0x0000000085100000| Untracked 
|  50|0x0000000085200000, 0x0000000085200000, 0x0000000085300000|  0%| F|  |TAMS 0x0000000085200000, 0x0000000085200000| Untracked 
|  51|0x0000000085300000, 0x0000000085300000, 0x0000000085400000|  0%| F|  |TAMS 0x0000000085300000, 0x0000000085300000| Untracked 
|  52|0x0000000085400000, 0x0000000085400000, 0x0000000085500000|  0%| F|  |TAMS 0x0000000085400000, 0x0000000085400000| Untracked 
|  53|0x0000000085500000, 0x0000000085550450, 0x0000000085600000| 31%| S|CS|TAMS 0x0000000085500000, 0x0000000085500000| Complete 
|  54|0x0000000085600000, 0x0000000085600000, 0x0000000085700000|  0%| F|  |TAMS 0x0000000085600000, 0x0000000085600000| Untracked 
|  55|0x0000000085700000, 0x0000000085700000, 0x0000000085800000|  0%| F|  |TAMS 0x0000000085700000, 0x0000000085700000| Untracked 
|  56|0x0000000085800000, 0x0000000085800000, 0x0000000085900000|  0%| F|  |TAMS 0x0000000085800000, 0x0000000085800000| Untracked 
|  57|0x0000000085900000, 0x0000000085900000, 0x0000000085a00000|  0%| F|  |TAMS 0x0000000085900000, 0x0000000085900000| Untracked 
|  58|0x0000000085a00000, 0x0000000085a00000, 0x0000000085b00000|  0%| F|  |TAMS 0x0000000085a00000, 0x0000000085a00000| Untracked 
|  59|0x0000000085b00000, 0x0000000085b00000, 0x0000000085c00000|  0%| F|  |TAMS 0x0000000085b00000, 0x0000000085b00000| Untracked 
|  60|0x0000000085c00000, 0x0000000085c00000, 0x0000000085d00000|  0%| F|  |TAMS 0x0000000085c00000, 0x0000000085c00000| Untracked 
|  61|0x0000000085d00000, 0x0000000085d00000, 0x0000000085e00000|  0%| F|  |TAMS 0x0000000085d00000, 0x0000000085d00000| Untracked 
|  62|0x0000000085e00000, 0x0000000085e00000, 0x0000000085f00000|  0%| F|  |TAMS 0x0000000085e00000, 0x0000000085e00000| Untracked 
|  63|0x0000000085f00000, 0x0000000085f00000, 0x0000000086000000|  0%| F|  |TAMS 0x0000000085f00000, 0x0000000085f00000| Untracked 
|  64|0x0000000086000000, 0x0000000086000000, 0x0000000086100000|  0%| F|  |TAMS 0x0000000086000000, 0x0000000086000000| Untracked 
|  65|0x0000000086100000, 0x0000000086100000, 0x0000000086200000|  0%| F|  |TAMS 0x0000000086100000, 0x0000000086100000| Untracked 
|  66|0x0000000086200000, 0x0000000086200000, 0x0000000086300000|  0%| F|  |TAMS 0x0000000086200000, 0x0000000086200000| Untracked 
|  67|0x0000000086300000, 0x0000000086300000, 0x0000000086400000|  0%| F|  |TAMS 0x0000000086300000, 0x0000000086300000| Untracked 
|  68|0x0000000086400000, 0x0000000086400000, 0x0000000086500000|  0%| F|  |TAMS 0x0000000086400000, 0x0000000086400000| Untracked 
|  69|0x0000000086500000, 0x0000000086500000, 0x0000000086600000|  0%| F|  |TAMS 0x0000000086500000, 0x0000000086500000| Untracked 
|  70|0x0000000086600000, 0x0000000086600000, 0x0000000086700000|  0%| F|  |TAMS 0x0000000086600000, 0x0000000086600000| Untracked 
|  71|0x0000000086700000, 0x0000000086700000, 0x0000000086800000|  0%| F|  |TAMS 0x0000000086700000, 0x0000000086700000| Untracked 
|  72|0x0000000086800000, 0x0000000086800000, 0x0000000086900000|  0%| F|  |TAMS 0x0000000086800000, 0x0000000086800000| Untracked 
|  73|0x0000000086900000, 0x0000000086900000, 0x0000000086a00000|  0%| F|  |TAMS 0x0000000086900000, 0x0000000086900000| Untracked 
|  74|0x0000000086a00000, 0x0000000086a080b8, 0x0000000086b00000|  3%| E|  |TAMS 0x0000000086a00000, 0x0000000086a00000| Complete 
|  75|0x0000000086b00000, 0x0000000086c00000, 0x0000000086c00000|100%| E|CS|TAMS 0x0000000086b00000, 0x0000000086b00000| Complete 
|  76|0x0000000086c00000, 0x0000000086d00000, 0x0000000086d00000|100%| E|CS|TAMS 0x0000000086c00000, 0x0000000086c00000| Complete 
|  77|0x0000000086d00000, 0x0000000086e00000, 0x0000000086e00000|100%| E|CS|TAMS 0x0000000086d00000, 0x0000000086d00000| Complete 
|  78|0x0000000086e00000, 0x0000000086f00000, 0x0000000086f00000|100%| E|CS|TAMS 0x0000000086e00000, 0x0000000086e00000| Complete 
|  79|0x0000000086f00000, 0x0000000087000000, 0x0000000087000000|100%| E|CS|TAMS 0x0000000086f00000, 0x0000000086f00000| Complete 
|  80|0x0000000087000000, 0x0000000087100000, 0x0000000087100000|100%| E|CS|TAMS 0x0000000087000000, 0x0000000087000000| Complete 
|  81|0x0000000087100000, 0x0000000087200000, 0x0000000087200000|100%| E|CS|TAMS 0x0000000087100000, 0x0000000087100000| Complete 
|  82|0x0000000087200000, 0x0000000087300000, 0x0000000087300000|100%| E|CS|TAMS 0x0000000087200000, 0x0000000087200000| Complete 
|  83|0x0000000087300000, 0x0000000087400000, 0x0000000087400000|100%| E|CS|TAMS 0x0000000087300000, 0x0000000087300000| Complete 
|  84|0x0000000087400000, 0x0000000087500000, 0x0000000087500000|100%| E|CS|TAMS 0x0000000087400000, 0x0000000087400000| Complete 
|  85|0x0000000087500000, 0x0000000087600000, 0x0000000087600000|100%| E|CS|TAMS 0x0000000087500000, 0x0000000087500000| Complete 
|  86|0x0000000087600000, 0x0000000087700000, 0x0000000087700000|100%| E|CS|TAMS 0x0000000087600000, 0x0000000087600000| Complete 
|  87|0x0000000087700000, 0x0000000087800000, 0x0000000087800000|100%| E|CS|TAMS 0x0000000087700000, 0x0000000087700000| Complete 
|  88|0x0000000087800000, 0x0000000087900000, 0x0000000087900000|100%| E|CS|TAMS 0x0000000087800000, 0x0000000087800000| Complete 
|  89|0x0000000087900000, 0x0000000087a00000, 0x0000000087a00000|100%| E|CS|TAMS 0x0000000087900000, 0x0000000087900000| Complete 
|  90|0x0000000087a00000, 0x0000000087b00000, 0x0000000087b00000|100%| E|CS|TAMS 0x0000000087a00000, 0x0000000087a00000| Complete 
|  91|0x0000000087b00000, 0x0000000087c00000, 0x0000000087c00000|100%| E|CS|TAMS 0x0000000087b00000, 0x0000000087b00000| Complete 
|  92|0x0000000087c00000, 0x0000000087d00000, 0x0000000087d00000|100%| E|CS|TAMS 0x0000000087c00000, 0x0000000087c00000| Complete 
|  93|0x0000000087d00000, 0x0000000087e00000, 0x0000000087e00000|100%| E|CS|TAMS 0x0000000087d00000, 0x0000000087d00000| Complete 
|  94|0x0000000087e00000, 0x0000000087f00000, 0x0000000087f00000|100%| E|CS|TAMS 0x0000000087e00000, 0x0000000087e00000| Complete 
|  95|0x0000000087f00000, 0x0000000088000000, 0x0000000088000000|100%| E|CS|TAMS 0x0000000087f00000, 0x0000000087f00000| Complete 
|  96|0x0000000088000000, 0x0000000088100000, 0x0000000088100000|100%| E|CS|TAMS 0x0000000088000000, 0x0000000088000000| Complete 
|  97|0x0000000088100000, 0x0000000088200000, 0x0000000088200000|100%| E|CS|TAMS 0x0000000088100000, 0x0000000088100000| Complete 
|  98|0x0000000088200000, 0x0000000088300000, 0x0000000088300000|100%| E|CS|TAMS 0x0000000088200000, 0x0000000088200000| Complete 
|  99|0x0000000088300000, 0x0000000088400000, 0x0000000088400000|100%| E|CS|TAMS 0x0000000088300000, 0x0000000088300000| Complete 
| 100|0x0000000088400000, 0x0000000088500000, 0x0000000088500000|100%| E|CS|TAMS 0x0000000088400000, 0x0000000088400000| Complete 
| 101|0x0000000088500000, 0x0000000088600000, 0x0000000088600000|100%| E|CS|TAMS 0x0000000088500000, 0x0000000088500000| Complete 
| 102|0x0000000088600000, 0x0000000088700000, 0x0000000088700000|100%| E|CS|TAMS 0x0000000088600000, 0x0000000088600000| Complete 
| 103|0x0000000088700000, 0x0000000088800000, 0x0000000088800000|100%| E|CS|TAMS 0x0000000088700000, 0x0000000088700000| Complete 
| 104|0x0000000088800000, 0x0000000088900000, 0x0000000088900000|100%| E|CS|TAMS 0x0000000088800000, 0x0000000088800000| Complete 
| 105|0x0000000088900000, 0x0000000088a00000, 0x0000000088a00000|100%| E|CS|TAMS 0x0000000088900000, 0x0000000088900000| Complete 
| 106|0x0000000088a00000, 0x0000000088b00000, 0x0000000088b00000|100%| E|CS|TAMS 0x0000000088a00000, 0x0000000088a00000| Complete 
| 107|0x0000000088b00000, 0x0000000088c00000, 0x0000000088c00000|100%| E|CS|TAMS 0x0000000088b00000, 0x0000000088b00000| Complete 
| 108|0x0000000088c00000, 0x0000000088d00000, 0x0000000088d00000|100%| E|CS|TAMS 0x0000000088c00000, 0x0000000088c00000| Complete 
| 109|0x0000000088d00000, 0x0000000088e00000, 0x0000000088e00000|100%| E|CS|TAMS 0x0000000088d00000, 0x0000000088d00000| Complete 
| 110|0x0000000088e00000, 0x0000000088f00000, 0x0000000088f00000|100%| E|CS|TAMS 0x0000000088e00000, 0x0000000088e00000| Complete 
| 111|0x0000000088f00000, 0x0000000089000000, 0x0000000089000000|100%| E|CS|TAMS 0x0000000088f00000, 0x0000000088f00000| Complete 
| 112|0x0000000089000000, 0x0000000089100000, 0x0000000089100000|100%| E|CS|TAMS 0x0000000089000000, 0x0000000089000000| Complete 
| 113|0x0000000089100000, 0x0000000089200000, 0x0000000089200000|100%| E|CS|TAMS 0x0000000089100000, 0x0000000089100000| Complete 
| 114|0x0000000089200000, 0x0000000089300000, 0x0000000089300000|100%| E|CS|TAMS 0x0000000089200000, 0x0000000089200000| Complete 
| 115|0x0000000089300000, 0x0000000089400000, 0x0000000089400000|100%| E|CS|TAMS 0x0000000089300000, 0x0000000089300000| Complete 
| 116|0x0000000089400000, 0x0000000089500000, 0x0000000089500000|100%| E|CS|TAMS 0x0000000089400000, 0x0000000089400000| Complete 
| 117|0x0000000089500000, 0x0000000089600000, 0x0000000089600000|100%| E|CS|TAMS 0x0000000089500000, 0x0000000089500000| Complete 
| 118|0x0000000089600000, 0x0000000089700000, 0x0000000089700000|100%| E|CS|TAMS 0x0000000089600000, 0x0000000089600000| Complete 
| 119|0x0000000089700000, 0x0000000089800000, 0x0000000089800000|100%| E|CS|TAMS 0x0000000089700000, 0x0000000089700000| Complete 
| 120|0x0000000089800000, 0x0000000089900000, 0x0000000089900000|100%| E|CS|TAMS 0x0000000089800000, 0x0000000089800000| Complete 
| 121|0x0000000089900000, 0x0000000089a00000, 0x0000000089a00000|100%| E|CS|TAMS 0x0000000089900000, 0x0000000089900000| Complete 
| 122|0x0000000089a00000, 0x0000000089b00000, 0x0000000089b00000|100%| E|CS|TAMS 0x0000000089a00000, 0x0000000089a00000| Complete 
| 123|0x0000000089b00000, 0x0000000089c00000, 0x0000000089c00000|100%| E|CS|TAMS 0x0000000089b00000, 0x0000000089b00000| Complete 
| 124|0x0000000089c00000, 0x0000000089d00000, 0x0000000089d00000|100%| E|CS|TAMS 0x0000000089c00000, 0x0000000089c00000| Complete 

Card table byte_map: [0x0000015fce280000,0x0000015fce670000] _byte_map_base: 0x0000015fcde70000

Marking Bits (Prev, Next): (CMBitMap*) 0x0000015fb743a2c0, (CMBitMap*) 0x0000015fb743a300
 Prev Bits: [0x0000015fcea60000, 0x0000015fd09e0000)
 Next Bits: [0x0000015fd09e0000, 0x0000015fd2960000)

Polling page: 0x0000015fb6bd0000

Metaspace:

Usage:
  Non-class:     62.88 MB used.
      Class:      8.65 MB used.
       Both:     71.53 MB used.

Virtual space:
  Non-class space:       64.00 MB reserved,      63.12 MB ( 99%) committed,  8 nodes.
      Class space:        1.00 GB reserved,       8.94 MB ( <1%) committed,  1 nodes.
              Both:        1.06 GB reserved,      72.06 MB (  7%) committed. 

Chunk freelists:
   Non-Class:  208.00 KB
       Class:  3.08 MB
        Both:  3.28 MB

MaxMetaspaceSize: 17179869184.00 GB
CompressedClassSpaceSize: 1.00 GB
 - commit_granule_bytes: 65536.
 - commit_granule_words: 8192.
 - virtual_space_node_default_size: 1048576.
 - enlarge_chunks_in_place: 1.
 - new_chunks_are_fully_committed: 0.
 - uncommit_free_chunks: 1.
 - use_allocation_guard: 0.
 - handle_deallocations: 1.


Internal statistics:

num_allocs_failed_limit: 12.
num_arena_births: 834.
num_arena_deaths: 84.
num_vsnodes_births: 9.
num_vsnodes_deaths: 0.
num_space_committed: 1152.
num_space_uncommitted: 0.
num_chunks_returned_to_freelist: 106.
num_chunks_taken_from_freelist: 3782.
num_chunk_merges: 35.
num_chunk_splits: 2462.
num_chunks_enlarged: 1706.
num_purges: 10.

CodeHeap 'non-profiled nmethods': size=120000Kb used=15404Kb max_used=15404Kb free=104596Kb
 bounds [0x0000015fc6630000, 0x0000015fc7540000, 0x0000015fcdb60000]
CodeHeap 'profiled nmethods': size=120000Kb used=23585Kb max_used=23585Kb free=96414Kb
 bounds [0x0000015fbf100000, 0x0000015fc0810000, 0x0000015fc6630000]
CodeHeap 'non-nmethods': size=5760Kb used=1411Kb max_used=1584Kb free=4349Kb
 bounds [0x0000015fbeb60000, 0x0000015fbedd0000, 0x0000015fbf100000]
 total_blobs=13090 nmethods=12428 adapters=573
 compilation: enabled
              stopped_count=0, restarted_count=0
 full_count=0

Compilation events (20 events):
Event: 2619.973 Thread 0x0000015fd536ecf0 15399       3       com.example.Spring.service.DistanceXML$XMLHandler::startElement (287 bytes)
Event: 2619.976 Thread 0x0000015fd536ecf0 nmethod 15399 0x0000015fc07fb710 code [0x0000015fc07fbe40, 0x0000015fc08008e8]
Event: 2619.999 Thread 0x0000015fd536da60 15400       4       com.example.Spring.service.DistanceXML$XMLHandler::startElement (287 bytes)
Event: 2620.077 Thread 0x0000015fd536da60 nmethod 15400 0x0000015fc7534810 code [0x0000015fc7534be0, 0x0000015fc7538748]
Event: 2623.467 Thread 0x0000015fd536ecf0 15401   !   3       com.sun.org.apache.xerces.internal.parsers.XML11Configuration::setProperty (160 bytes)
Event: 2623.468 Thread 0x0000015fd536ecf0 nmethod 15401 0x0000015fc0802290 code [0x0000015fc0802580, 0x0000015fc08039d8]
Event: 2623.468 Thread 0x0000015fd536ecf0 15404       3       com.sun.org.apache.xerces.internal.impl.XMLDocumentScannerImpl::getFeatureDefault (40 bytes)
Event: 2623.468 Thread 0x0000015fd536ecf0 nmethod 15404 0x0000015fc0803f10 code [0x0000015fc08040e0, 0x0000015fc08043f8]
Event: 2623.468 Thread 0x0000015fd536ecf0 15402       3       com.sun.org.apache.xerces.internal.impl.dtd.XMLDTDProcessor::setProperty (1 bytes)
Event: 2623.468 Thread 0x0000015fd536ecf0 nmethod 15402 0x0000015fc0804590 code [0x0000015fc0804720, 0x0000015fc0804838]
Event: 2623.468 Thread 0x0000015fd536ecf0 15403       3       com.sun.org.apache.xerces.internal.impl.XMLScanner::setFeature (32 bytes)
Event: 2623.468 Thread 0x0000015fd536ecf0 nmethod 15403 0x0000015fc0804910 code [0x0000015fc0804ae0, 0x0000015fc0804d58]
Event: 2623.468 Thread 0x0000015fd536ecf0 15405       3       com.sun.org.apache.xerces.internal.impl.XMLDTDScannerImpl::scanElementDecl (433 bytes)
Event: 2623.469 Thread 0x0000015fd536ecf0 nmethod 15405 0x0000015fc0804e10 code [0x0000015fc0805220, 0x0000015fc0807198]
Event: 2623.469 Thread 0x0000015fd536da60 15408       4       com.example.Spring.domain.Weight::equals (105 bytes)
Event: 2623.469 Thread 0x0000015fd536ecf0 15406       3       com.sun.org.apache.xerces.internal.impl.dtd.XMLDTDProcessor::startContentModel (56 bytes)
Event: 2623.470 Thread 0x0000015fd536ecf0 nmethod 15406 0x0000015fc0807890 code [0x0000015fc0807aa0, 0x0000015fc08081d8]
Event: 2623.470 Thread 0x0000015fd536ecf0 15407       3       com.sun.org.apache.xerces.internal.impl.dtd.DTDGrammar::startContentModel (33 bytes)
Event: 2623.470 Thread 0x0000015fd536ecf0 nmethod 15407 0x0000015fc0808410 code [0x0000015fc08085e0, 0x0000015fc08089d8]
Event: 2623.474 Thread 0x0000015fd536da60 nmethod 15408 0x0000015fc753a410 code [0x0000015fc753a5c0, 0x0000015fc753acb8]

GC Heap History (20 events):
Event: 2623.040 GC heap before
{Heap before GC invocations=370 (full 4):
 garbage-first heap   total 128000K, used 111153K [0x0000000082000000, 0x0000000100000000)
  region size 1024K, 71 young (72704K), 1 survivors (1024K)
 Metaspace       used 73192K, committed 73792K, reserved 1114112K
  class space    used 8860K, committed 9152K, reserved 1048576K
}
Event: 2623.042 GC heap after
{Heap after GC invocations=371 (full 4):
 garbage-first heap   total 128000K, used 39464K [0x0000000082000000, 0x0000000100000000)
  region size 1024K, 1 young (1024K), 1 survivors (1024K)
 Metaspace       used 73192K, committed 73792K, reserved 1114112K
  class space    used 8860K, committed 9152K, reserved 1048576K
}
Event: 2623.535 GC heap before
{Heap before GC invocations=371 (full 4):
 garbage-first heap   total 128000K, used 111144K [0x0000000082000000, 0x0000000100000000)
  region size 1024K, 71 young (72704K), 1 survivors (1024K)
 Metaspace       used 73208K, committed 73792K, reserved 1114112K
  class space    used 8860K, committed 9152K, reserved 1048576K
}
Event: 2623.536 GC heap after
{Heap after GC invocations=372 (full 4):
 garbage-first heap   total 128000K, used 39483K [0x0000000082000000, 0x0000000100000000)
  region size 1024K, 1 young (1024K), 1 survivors (1024K)
 Metaspace       used 73208K, committed 73792K, reserved 1114112K
  class space    used 8860K, committed 9152K, reserved 1048576K
}
Event: 2624.022 GC heap before
{Heap before GC invocations=372 (full 4):
 garbage-first heap   total 128000K, used 111163K [0x0000000082000000, 0x0000000100000000)
  region size 1024K, 71 young (72704K), 1 survivors (1024K)
 Metaspace       used 73208K, committed 73792K, reserved 1114112K
  class space    used 8860K, committed 9152K, reserved 1048576K
}
Event: 2624.023 GC heap after
{Heap after GC invocations=373 (full 4):
 garbage-first heap   total 128000K, used 39482K [0x0000000082000000, 0x0000000100000000)
  region size 1024K, 1 young (1024K), 1 survivors (1024K)
 Metaspace       used 73208K, committed 73792K, reserved 1114112K
  class space    used 8860K, committed 9152K, reserved 1048576K
}
Event: 2624.517 GC heap before
{Heap before GC invocations=373 (full 4):
 garbage-first heap   total 128000K, used 111162K [0x0000000082000000, 0x0000000100000000)
  region size 1024K, 71 young (72704K), 1 survivors (1024K)
 Metaspace       used 73208K, committed 73792K, reserved 1114112K
  class space    used 8860K, committed 9152K, reserved 1048576K
}
Event: 2624.519 GC heap after
{Heap after GC invocations=374 (full 4):
 garbage-first heap   total 128000K, used 39474K [0x0000000082000000, 0x0000000100000000)
  region size 1024K, 1 young (1024K), 1 survivors (1024K)
 Metaspace       used 73208K, committed 73792K, reserved 1114112K
  class space    used 8860K, committed 9152K, reserved 1048576K
}
Event: 2625.014 GC heap before
{Heap before GC invocations=374 (full 4):
 garbage-first heap   total 128000K, used 111154K [0x0000000082000000, 0x0000000100000000)
  region size 1024K, 71 young (72704K), 1 survivors (1024K)
 Metaspace       used 73208K, committed 73792K, reserved 1114112K
  class space    used 8860K, committed 9152K, reserved 1048576K
}
Event: 2625.015 GC heap after
{Heap after GC invocations=375 (full 4):
 garbage-first heap   total 128000K, used 39478K [0x0000000082000000, 0x0000000100000000)
  region size 1024K, 1 young (1024K), 1 survivors (1024K)
 Metaspace       used 73208K, committed 73792K, reserved 1114112K
  class space    used 8860K, committed 9152K, reserved 1048576K
}
Event: 2625.492 GC heap before
{Heap before GC invocations=375 (full 4):
 garbage-first heap   total 128000K, used 111158K [0x0000000082000000, 0x0000000100000000)
  region size 1024K, 71 young (72704K), 1 survivors (1024K)
 Metaspace       used 73208K, committed 73792K, reserved 1114112K
  class space    used 8860K, committed 9152K, reserved 1048576K
}
Event: 2625.494 GC heap after
{Heap after GC invocations=376 (full 4):
 garbage-first heap   total 128000K, used 39503K [0x0000000082000000, 0x0000000100000000)
  region size 1024K, 1 young (1024K), 1 survivors (1024K)
 Metaspace       used 73208K, committed 73792K, reserved 1114112K
  class space    used 8860K, committed 9152K, reserved 1048576K
}
Event: 2625.961 GC heap before
{Heap before GC invocations=376 (full 4):
 garbage-first heap   total 128000K, used 111183K [0x0000000082000000, 0x0000000100000000)
  region size 1024K, 71 young (72704K), 1 survivors (1024K)
 Metaspace       used 73208K, committed 73792K, reserved 1114112K
  class space    used 8860K, committed 9152K, reserved 1048576K
}
Event: 2625.963 GC heap after
{Heap after GC invocations=377 (full 4):
 garbage-first heap   total 128000K, used 39482K [0x0000000082000000, 0x0000000100000000)
  region size 1024K, 1 young (1024K), 1 survivors (1024K)
 Metaspace       used 73208K, committed 73792K, reserved 1114112K
  class space    used 8860K, committed 9152K, reserved 1048576K
}
Event: 2626.426 GC heap before
{Heap before GC invocations=377 (full 4):
 garbage-first heap   total 128000K, used 111162K [0x0000000082000000, 0x0000000100000000)
  region size 1024K, 71 young (72704K), 1 survivors (1024K)
 Metaspace       used 73208K, committed 73792K, reserved 1114112K
  class space    used 8860K, committed 9152K, reserved 1048576K
}
Event: 2626.428 GC heap after
{Heap after GC invocations=378 (full 4):
 garbage-first heap   total 128000K, used 39498K [0x0000000082000000, 0x0000000100000000)
  region size 1024K, 1 young (1024K), 1 survivors (1024K)
 Metaspace       used 73208K, committed 73792K, reserved 1114112K
  class space    used 8860K, committed 9152K, reserved 1048576K
}
Event: 2626.890 GC heap before
{Heap before GC invocations=378 (full 4):
 garbage-first heap   total 128000K, used 111178K [0x0000000082000000, 0x0000000100000000)
  region size 1024K, 71 young (72704K), 1 survivors (1024K)
 Metaspace       used 73208K, committed 73792K, reserved 1114112K
  class space    used 8860K, committed 9152K, reserved 1048576K
}
Event: 2626.892 GC heap after
{Heap after GC invocations=379 (full 4):
 garbage-first heap   total 128000K, used 39492K [0x0000000082000000, 0x0000000100000000)
  region size 1024K, 1 young (1024K), 1 survivors (1024K)
 Metaspace       used 73208K, committed 73792K, reserved 1114112K
  class space    used 8860K, committed 9152K, reserved 1048576K
}
Event: 2627.355 GC heap before
{Heap before GC invocations=379 (full 4):
 garbage-first heap   total 128000K, used 111172K [0x0000000082000000, 0x0000000100000000)
  region size 1024K, 71 young (72704K), 1 survivors (1024K)
 Metaspace       used 73208K, committed 73792K, reserved 1114112K
  class space    used 8860K, committed 9152K, reserved 1048576K
}
Event: 2627.357 GC heap after
{Heap after GC invocations=380 (full 4):
 garbage-first heap   total 128000K, used 39525K [0x0000000082000000, 0x0000000100000000)
  region size 1024K, 1 young (1024K), 1 survivors (1024K)
 Metaspace       used 73208K, committed 73792K, reserved 1114112K
  class space    used 8860K, committed 9152K, reserved 1048576K
}

Deoptimization events (20 events):
Event: 2599.094 Thread 0x0000015fdf14fce0 DEOPT PACKING pc=0x0000015fbf618c94 sp=0x0000004f5b7fa060
Event: 2599.094 Thread 0x0000015fdf14fce0 DEOPT UNPACKING pc=0x0000015fbebadece sp=0x0000004f5b7f95f8 mode 1
Event: 2599.094 Thread 0x0000015fdf14fce0 DEOPT PACKING pc=0x0000015fbf4f754c sp=0x0000004f5b7fa1b0
Event: 2599.094 Thread 0x0000015fdf14fce0 DEOPT UNPACKING pc=0x0000015fbebadece sp=0x0000004f5b7f9770 mode 1
Event: 2613.800 Thread 0x0000015fd9f0cbb0 DEOPT PACKING pc=0x0000015fc6bfe4cc sp=0x0000004f5b9fa180
Event: 2613.800 Thread 0x0000015fd9f0cbb0 DEOPT UNPACKING pc=0x0000015fbebadece sp=0x0000004f5b9f9620 mode 1
Event: 2614.282 Thread 0x0000015fd9f0cbb0 Uncommon trap: trap_request=0xffffff45 fr.pc=0x0000015fc7453d10 relative=0x0000000000003590
Event: 2614.282 Thread 0x0000015fd9f0cbb0 Uncommon trap: reason=unstable_if action=reinterpret pc=0x0000015fc7453d10 method=com.example.Spring.service.StepXML$XMLHandler.startElement(Ljava/lang/String;Ljava/lang/String;Ljava/lang/String;Lorg/xml/sax/Attributes;)V @ 274 c2
Event: 2614.282 Thread 0x0000015fd9f0cbb0 DEOPT PACKING pc=0x0000015fc7453d10 sp=0x0000004f5b9fa020
Event: 2614.282 Thread 0x0000015fd9f0cbb0 DEOPT UNPACKING pc=0x0000015fbebad72e sp=0x0000004f5b9fa050 mode 2
Event: 2618.692 Thread 0x0000015fd9f0cbb0 DEOPT PACKING pc=0x0000015fc6bfe4cc sp=0x0000004f5b9fa180
Event: 2618.692 Thread 0x0000015fd9f0cbb0 DEOPT UNPACKING pc=0x0000015fbebadece sp=0x0000004f5b9f9620 mode 1
Event: 2619.972 Thread 0x0000015fd9f0cbb0 Uncommon trap: trap_request=0xffffff45 fr.pc=0x0000015fc7466df4 relative=0x0000000000002a14
Event: 2619.972 Thread 0x0000015fd9f0cbb0 Uncommon trap: reason=unstable_if action=reinterpret pc=0x0000015fc7466df4 method=com.example.Spring.service.DistanceXML$XMLHandler.startElement(Ljava/lang/String;Ljava/lang/String;Ljava/lang/String;Lorg/xml/sax/Attributes;)V @ 274 c2
Event: 2619.972 Thread 0x0000015fd9f0cbb0 DEOPT PACKING pc=0x0000015fc7466df4 sp=0x0000004f5b9fa020
Event: 2619.972 Thread 0x0000015fd9f0cbb0 DEOPT UNPACKING pc=0x0000015fbebad72e sp=0x0000004f5b9fa050 mode 2
Event: 2623.466 Thread 0x0000015fd9f0cbb0 DEOPT PACKING pc=0x0000015fc6bfe4cc sp=0x0000004f5b9fa180
Event: 2623.466 Thread 0x0000015fd9f0cbb0 DEOPT UNPACKING pc=0x0000015fbebadece sp=0x0000004f5b9f9620 mode 1
Event: 2627.714 Thread 0x0000015fd9f0cbb0 DEOPT PACKING pc=0x0000015fc6bfe4cc sp=0x0000004f5b9fa180
Event: 2627.714 Thread 0x0000015fd9f0cbb0 DEOPT UNPACKING pc=0x0000015fbebadece sp=0x0000004f5b9f9620 mode 1

Classes unloaded (20 events):
Event: 2389.666 Thread 0x0000015fd5347510 Unloading class 0x0000000800d40400 'java/lang/invoke/LambdaForm$MH+0x0000000800d40400'
Event: 2389.666 Thread 0x0000015fd5347510 Unloading class 0x0000000800d12c00 'java/lang/invoke/LambdaForm$MH+0x0000000800d12c00'
Event: 2389.666 Thread 0x0000015fd5347510 Unloading class 0x0000000800d12800 'java/lang/invoke/LambdaForm$MH+0x0000000800d12800'
Event: 2389.666 Thread 0x0000015fd5347510 Unloading class 0x0000000800d12400 'java/lang/invoke/LambdaForm$MH+0x0000000800d12400'
Event: 2389.666 Thread 0x0000015fd5347510 Unloading class 0x0000000800d12000 'java/lang/invoke/LambdaForm$MH+0x0000000800d12000'
Event: 2389.666 Thread 0x0000015fd5347510 Unloading class 0x0000000800d11c00 'java/lang/invoke/LambdaForm$MH+0x0000000800d11c00'
Event: 2389.666 Thread 0x0000015fd5347510 Unloading class 0x0000000800d11400 'java/lang/invoke/LambdaForm$MH+0x0000000800d11400'
Event: 2389.666 Thread 0x0000015fd5347510 Unloading class 0x0000000800d10400 'java/lang/invoke/LambdaForm$MH+0x0000000800d10400'
Event: 2389.666 Thread 0x0000015fd5347510 Unloading class 0x0000000800c8e800 'java/lang/invoke/LambdaForm$MH+0x0000000800c8e800'
Event: 2389.666 Thread 0x0000015fd5347510 Unloading class 0x0000000800c8e000 'java/lang/invoke/LambdaForm$MH+0x0000000800c8e000'
Event: 2389.666 Thread 0x0000015fd5347510 Unloading class 0x0000000800c8dc00 'java/lang/invoke/LambdaForm$MH+0x0000000800c8dc00'
Event: 2389.666 Thread 0x0000015fd5347510 Unloading class 0x0000000800c8d800 'java/lang/invoke/LambdaForm$MH+0x0000000800c8d800'
Event: 2389.666 Thread 0x0000015fd5347510 Unloading class 0x0000000800c8d400 'java/lang/invoke/LambdaForm$MH+0x0000000800c8d400'
Event: 2389.666 Thread 0x0000015fd5347510 Unloading class 0x0000000800c8d000 'java/lang/invoke/LambdaForm$MH+0x0000000800c8d000'
Event: 2389.666 Thread 0x0000015fd5347510 Unloading class 0x0000000800c8cc00 'java/lang/invoke/LambdaForm$MH+0x0000000800c8cc00'
Event: 2389.666 Thread 0x0000015fd5347510 Unloading class 0x0000000800c8c800 'java/lang/invoke/LambdaForm$MH+0x0000000800c8c800'
Event: 2389.666 Thread 0x0000015fd5347510 Unloading class 0x0000000800c8c400 'java/lang/invoke/LambdaForm$MH+0x0000000800c8c400'
Event: 2389.666 Thread 0x0000015fd5347510 Unloading class 0x0000000800c82400 'java/lang/invoke/LambdaForm$MH+0x0000000800c82400'
Event: 2392.859 Thread 0x0000015fd5347510 Unloading class 0x00000008014d4800 'jdk/internal/reflect/GeneratedSerializationConstructorAccessor22'
Event: 2392.859 Thread 0x0000015fd5347510 Unloading class 0x00000008014ca800 'org/apache/catalina/loader/JdbcLeakPrevention'

Classes redefined (10 events):
Event: 1810.873 Thread 0x0000015fd5347510 redefined class name=com.example.Spring.controller.MainController, count=1
Event: 1810.915 Thread 0x0000015fd5347510 redefined class name=com.example.Spring.controller.MainController, count=1
Event: 2393.172 Thread 0x0000015fd5347510 redefined class name=com.example.Spring.controller.MainController, count=2
Event: 2393.260 Thread 0x0000015fd5347510 redefined class name=com.example.Spring.controller.MainController, count=2
Event: 2913.801 Thread 0x0000015fd5347510 redefined class name=com.example.Spring.controller.MainController, count=3
Event: 2913.857 Thread 0x0000015fd5347510 redefined class name=com.example.Spring.controller.MainController, count=3
Event: 2913.907 Thread 0x0000015fd5347510 redefined class name=com.example.Spring.controller.MainController, count=1
Event: 2969.443 Thread 0x0000015fd5347510 redefined class name=com.example.Spring.controller.MainController, count=4
Event: 2969.520 Thread 0x0000015fd5347510 redefined class name=com.example.Spring.controller.MainController, count=4
Event: 2969.576 Thread 0x0000015fd5347510 redefined class name=com.example.Spring.controller.MainController, count=2

Internal exceptions (20 events):
Event: 2413.513 Thread 0x0000015fdf150230 Exception <a 'java/lang/ClassNotFoundException'{0x000000008673a350}: java/lang/ObjectBeanInfo> (0x000000008673a350) 
thrown [t:\workspace\open\src\hotspot\share\classfile\systemDictionary.cpp, line 256]
Event: 2413.514 Thread 0x0000015fdf150230 Exception <a 'java/lang/ClassNotFoundException'{0x000000008673fa78}: java/lang/ObjectCustomizer> (0x000000008673fa78) 
thrown [t:\workspace\open\src\hotspot\share\classfile\systemDictionary.cpp, line 256]
Event: 2413.517 Thread 0x0000015fdf150230 Exception <a 'java/lang/ClassNotFoundException'{0x000000008674c3d0}: com/example/Spring/domain/UserCustomizer> (0x000000008674c3d0) 
thrown [t:\workspace\open\src\hotspot\share\classfile\systemDictionary.cpp, line 256]
Event: 2413.521 Thread 0x0000015fdf150230 Exception <a 'java/lang/ClassNotFoundException'{0x00000000867b9bf8}: org/springframework/security/core/context/SecurityContextImplBeanInfo> (0x00000000867b9bf8) 
thrown [t:\workspace\open\src\hotspot\share\classfile\systemDictionary.cpp, line 256]
Event: 2413.523 Thread 0x0000015fdf150230 Exception <a 'java/lang/ClassNotFoundException'{0x00000000867c2070}: org/springframework/security/core/context/SecurityContextImplCustomizer> (0x00000000867c2070) 
thrown [t:\workspace\open\src\hotspot\share\classfile\systemDictionary.cpp, line 256]
Event: 2413.528 Thread 0x0000015fdf150230 Exception <a 'java/lang/ClassNotFoundException'{0x00000000867d0d40}: org/springframework/security/authentication/UsernamePasswordAuthenticationTokenBeanInfo> (0x00000000867d0d40) 
thrown [t:\workspace\open\src\hotspot\share\classfile\systemDictionary.cpp, line 256]
Event: 2413.530 Thread 0x0000015fdf150230 Exception <a 'java/lang/ClassNotFoundException'{0x00000000867d95b8}: org/springframework/security/authentication/AbstractAuthenticationTokenBeanInfo> (0x00000000867d95b8) 
thrown [t:\workspace\open\src\hotspot\share\classfile\systemDictionary.cpp, line 256]
Event: 2413.532 Thread 0x0000015fdf150230 Exception <a 'java/lang/ClassNotFoundException'{0x00000000867e1d28}: org/springframework/security/authentication/AbstractAuthenticationTokenCustomizer> (0x00000000867e1d28) 
thrown [t:\workspace\open\src\hotspot\share\classfile\systemDictionary.cpp, line 256]
Event: 2413.536 Thread 0x0000015fdf150230 Exception <a 'java/lang/ClassNotFoundException'{0x00000000867f2580}: org/springframework/security/authentication/UsernamePasswordAuthenticationTokenCustomizer> (0x00000000867f2580) 
thrown [t:\workspace\open\src\hotspot\share\classfile\systemDictionary.cpp, line 256]
Event: 2413.541 Thread 0x0000015fdf150230 Exception <a 'java/lang/ClassNotFoundException'{0x000000008662a9c8}: org/springframework/security/web/csrf/DefaultCsrfTokenBeanInfo> (0x000000008662a9c8) 
thrown [t:\workspace\open\src\hotspot\share\classfile\systemDictionary.cpp, line 256]
Event: 2413.544 Thread 0x0000015fdf150230 Exception <a 'java/lang/ClassNotFoundException'{0x0000000086632be8}: org/springframework/security/web/csrf/DefaultCsrfTokenCustomizer> (0x0000000086632be8) 
thrown [t:\workspace\open\src\hotspot\share\classfile\systemDictionary.cpp, line 256]
Event: 2443.071 Thread 0x0000015fdf14dd00 Exception <a 'java/lang/ClassNotFoundException'{0x00000000866bb608}: java/lang/ObjectCustomizer> (0x00000000866bb608) 
thrown [t:\workspace\open\src\hotspot\share\classfile\systemDictionary.cpp, line 256]
Event: 2443.072 Thread 0x0000015fdf14dd00 Exception <a 'java/lang/ClassNotFoundException'{0x00000000866c8008}: com/example/Spring/domain/PulseCustomizer> (0x00000000866c8008) 
thrown [t:\workspace\open\src\hotspot\share\classfile\systemDictionary.cpp, line 256]
Event: 2591.542 Thread 0x0000015fdf14c270 Exception <a 'java/lang/ClassNotFoundException'{0x0000000089781878}: org/springframework/security/web/csrf/LazyCsrfTokenRepository$SaveOnAccessCsrfTokenBeanInfo> (0x0000000089781878) 
thrown [t:\workspace\open\src\hotspot\share\classfile\systemDictionary.cpp, line 256]
Event: 2591.543 Thread 0x0000015fdf14c270 Exception <a 'java/lang/ClassNotFoundException'{0x000000008978a2e8}: org/springframework/security/web/csrf/LazyCsrfTokenRepository$SaveOnAccessCsrfTokenCustomizer> (0x000000008978a2e8) 
thrown [t:\workspace\open\src\hotspot\share\classfile\systemDictionary.cpp, line 256]
Event: 2596.217 Thread 0x0000015fdf14c270 Exception <a 'java/lang/ClassNotFoundException'{0x000000008959ab70}: java/lang/ObjectCustomizer> (0x000000008959ab70) 
thrown [t:\workspace\open\src\hotspot\share\classfile\systemDictionary.cpp, line 256]
Event: 2596.218 Thread 0x0000015fdf14c270 Exception <a 'java/lang/ClassNotFoundException'{0x00000000895a6490}: com/example/Spring/domain/UserCustomizer> (0x00000000895a6490) 
thrown [t:\workspace\open\src\hotspot\share\classfile\systemDictionary.cpp, line 256]
Event: 2596.219 Thread 0x0000015fdf14c270 Exception <a 'java/lang/ClassNotFoundException'{0x00000000895be9c0}: org/springframework/security/core/userdetails/UserDetailsCustomizer> (0x00000000895be9c0) 
thrown [t:\workspace\open\src\hotspot\share\classfile\systemDictionary.cpp, line 256]
Event: 2596.223 Thread 0x0000015fdf14c270 Implicit null exception at 0x0000015fc747c70e to 0x0000015fc74843f8
Event: 2596.223 Thread 0x0000015fdf14c270 Implicit null exception at 0x0000015fc7471fab to 0x0000015fc74765a4

Events (20 events):
Event: 2961.226 Executing  VM operation: get/set locals done
Event: 2969.405 Executing  VM operation: RedefineClasses
Event: 2969.488 Executing  VM operation: RedefineClasses done
Event: 2969.490 Executing  VM operation: RedefineClasses
Event: 2969.552 Executing  VM operation: RedefineClasses done
Event: 2969.554 Executing  VM operation: RedefineClasses
Event: 2969.612 Executing  VM operation: RedefineClasses done
Event: 2969.621 Executing  VM operation: ChangeBreakpoints
Event: 2969.626 Executing  VM operation: ChangeBreakpoints done
Event: 2969.629 Executing  VM operation: ChangeBreakpoints
Event: 2969.634 Executing  VM operation: ChangeBreakpoints done
Event: 2969.636 Executing  VM operation: ChangeBreakpoints
Event: 2969.642 Executing  VM operation: ChangeBreakpoints done
Event: 2969.643 Executing  VM operation: ChangeBreakpoints
Event: 2969.646 Executing  VM operation: ChangeBreakpoints done
Event: 2969.647 Executing  VM operation: ChangeBreakpoints
Event: 2969.651 Executing  VM operation: ChangeBreakpoints done
Event: 2969.651 Executing  VM operation: ChangeBreakpoints
Event: 2969.657 Executing  VM operation: ChangeBreakpoints done
Event: 2969.698 Executing  VM operation: get/set locals


Dynamic libraries:
0x00007ff7f44c0000 - 0x00007ff7f44ce000 	C:\Users\koma0\.jdks\openjdk-16\bin\java.exe
0x00007ffe4ea30000 - 0x00007ffe4ec25000 	C:\WINDOWS\SYSTEM32\ntdll.dll
0x00007ffe4e6a0000 - 0x00007ffe4e75d000 	C:\WINDOWS\System32\KERNEL32.DLL
0x00007ffe4c170000 - 0x00007ffe4c438000 	C:\WINDOWS\System32\KERNELBASE.dll
0x00007ffe4c440000 - 0x00007ffe4c540000 	C:\WINDOWS\System32\ucrtbase.dll
0x00007ffe47900000 - 0x00007ffe47919000 	C:\Users\koma0\.jdks\openjdk-16\bin\VCRUNTIME140.dll
0x00007ffe49520000 - 0x00007ffe49538000 	C:\Users\koma0\.jdks\openjdk-16\bin\jli.dll
0x00007ffe4d6d0000 - 0x00007ffe4d870000 	C:\WINDOWS\System32\USER32.dll
0x00007ffe311f0000 - 0x00007ffe3148a000 	C:\WINDOWS\WinSxS\amd64_microsoft.windows.common-controls_6595b64144ccf1df_6.0.19041.844_none_ca00b6081b84eb1d\COMCTL32.dll
0x00007ffe4c690000 - 0x00007ffe4c6b2000 	C:\WINDOWS\System32\win32u.dll
0x00007ffe4d320000 - 0x00007ffe4d3be000 	C:\WINDOWS\System32\msvcrt.dll
0x00007ffe4d560000 - 0x00007ffe4d58a000 	C:\WINDOWS\System32\GDI32.dll
0x00007ffe4c740000 - 0x00007ffe4c84b000 	C:\WINDOWS\System32\gdi32full.dll
0x00007ffe4c5f0000 - 0x00007ffe4c68d000 	C:\WINDOWS\System32\msvcp_win.dll
0x00007ffe4d870000 - 0x00007ffe4d8a0000 	C:\WINDOWS\System32\IMM32.DLL
0x00007ffe478f0000 - 0x00007ffe478fc000 	C:\Users\koma0\.jdks\openjdk-16\bin\vcruntime140_1.dll
0x00007ffe43960000 - 0x00007ffe439f1000 	C:\Users\koma0\.jdks\openjdk-16\bin\msvcp140.dll
0x00007ffe03d50000 - 0x00007ffe048fb000 	C:\Users\koma0\.jdks\openjdk-16\bin\server\jvm.dll
0x00007ffe4e280000 - 0x00007ffe4e32c000 	C:\WINDOWS\System32\ADVAPI32.dll
0x00007ffe4d8a0000 - 0x00007ffe4d93b000 	C:\WINDOWS\System32\sechost.dll
0x00007ffe4d5a0000 - 0x00007ffe4d6cb000 	C:\WINDOWS\System32\RPCRT4.dll
0x00007ffe4d590000 - 0x00007ffe4d598000 	C:\WINDOWS\System32\PSAPI.DLL
0x00007ffe2e8a0000 - 0x00007ffe2e8a9000 	C:\WINDOWS\SYSTEM32\WSOCK32.dll
0x00007ffe42030000 - 0x00007ffe4203a000 	C:\WINDOWS\SYSTEM32\VERSION.dll
0x00007ffe41580000 - 0x00007ffe415a7000 	C:\WINDOWS\SYSTEM32\WINMM.dll
0x00007ffe4d940000 - 0x00007ffe4d9ab000 	C:\WINDOWS\System32\WS2_32.dll
0x00007ffe4aa40000 - 0x00007ffe4aa52000 	C:\WINDOWS\SYSTEM32\kernel.appcore.dll
0x00007ffe46b80000 - 0x00007ffe46b8a000 	C:\Users\koma0\.jdks\openjdk-16\bin\jimage.dll
0x00007ffe4a750000 - 0x00007ffe4a934000 	C:\WINDOWS\SYSTEM32\DBGHELP.DLL
0x00007ffe3ad30000 - 0x00007ffe3ad5c000 	C:\WINDOWS\SYSTEM32\dbgcore.DLL
0x00007ffe4c6c0000 - 0x00007ffe4c740000 	C:\WINDOWS\System32\bcryptPrimitives.dll
0x00007ffe43920000 - 0x00007ffe4395b000 	C:\Users\koma0\.jdks\openjdk-16\bin\jdwp.dll
0x00007ffe44870000 - 0x00007ffe4487e000 	C:\Users\koma0\.jdks\openjdk-16\bin\instrument.dll
0x00007ffe45720000 - 0x00007ffe45745000 	C:\Users\koma0\.jdks\openjdk-16\bin\java.dll
0x00007ffe4da20000 - 0x00007ffe4e162000 	C:\WINDOWS\System32\SHELL32.dll
0x00007ffe49ee0000 - 0x00007ffe4a671000 	C:\WINDOWS\SYSTEM32\windows.storage.dll
0x00007ffe4e330000 - 0x00007ffe4e685000 	C:\WINDOWS\System32\combase.dll
0x00007ffe4bbe0000 - 0x00007ffe4bc0c000 	C:\WINDOWS\SYSTEM32\Wldp.dll
0x00007ffe4e170000 - 0x00007ffe4e21e000 	C:\WINDOWS\System32\SHCORE.dll
0x00007ffe4ce50000 - 0x00007ffe4cea5000 	C:\WINDOWS\System32\shlwapi.dll
0x00007ffe4c0b0000 - 0x00007ffe4c0cf000 	C:\WINDOWS\SYSTEM32\profapi.dll
0x00007ffe44860000 - 0x00007ffe4486c000 	C:\Users\koma0\.jdks\openjdk-16\bin\dt_socket.dll
0x00007ffe4b5f0000 - 0x00007ffe4b62b000 	C:\WINDOWS\SYSTEM32\IPHLPAPI.DLL
0x00007ffe4b950000 - 0x00007ffe4b9ba000 	C:\WINDOWS\system32\mswsock.dll
0x00007ffe44890000 - 0x00007ffe448a8000 	C:\Users\koma0\.jdks\openjdk-16\bin\zip.dll
0x00007ffe456f0000 - 0x00007ffe45709000 	C:\Users\koma0\.jdks\openjdk-16\bin\net.dll
0x00007ffe413a0000 - 0x00007ffe414ab000 	C:\WINDOWS\SYSTEM32\WINHTTP.dll
0x00007ffe448b0000 - 0x00007ffe448c3000 	C:\Users\koma0\.jdks\openjdk-16\bin\nio.dll
0x00007ffe44880000 - 0x00007ffe44890000 	C:\Users\koma0\.jdks\openjdk-16\bin\verify.dll
0x00007ffe43910000 - 0x00007ffe43919000 	C:\Users\koma0\.jdks\openjdk-16\bin\management.dll
0x00007ffe43890000 - 0x00007ffe4389b000 	C:\Users\koma0\.jdks\openjdk-16\bin\management_ext.dll
0x00007ffe262f0000 - 0x00007ffe26307000 	C:\WINDOWS\system32\napinsp.dll
0x00007ffe262d0000 - 0x00007ffe262eb000 	C:\WINDOWS\system32\pnrpnsp.dll
0x00007ffe46df0000 - 0x00007ffe46e05000 	C:\WINDOWS\system32\wshbth.dll
0x00007ffe47850000 - 0x00007ffe4786d000 	C:\WINDOWS\system32\NLAapi.dll
0x00007ffe4b630000 - 0x00007ffe4b6fc000 	C:\WINDOWS\SYSTEM32\DNSAPI.dll
0x00007ffe4da10000 - 0x00007ffe4da18000 	C:\WINDOWS\System32\NSI.dll
0x00007ffe262b0000 - 0x00007ffe262c2000 	C:\WINDOWS\System32\winrnr.dll
0x000000005ac20000 - 0x000000005ac46000 	C:\Program Files\Bonjour\mdnsNSP.dll
0x00007ffe429c0000 - 0x00007ffe429ca000 	C:\Windows\System32\rasadhlp.dll
0x00007ffe3a3d0000 - 0x00007ffe3a44f000 	C:\WINDOWS\System32\fwpuclnt.dll
0x00007ffe4c850000 - 0x00007ffe4c877000 	C:\WINDOWS\System32\bcrypt.dll
0x00007ffe4bb20000 - 0x00007ffe4bb38000 	C:\WINDOWS\SYSTEM32\CRYPTSP.dll
0x00007ffe4b220000 - 0x00007ffe4b254000 	C:\WINDOWS\system32\rsaenh.dll
0x00007ffe4c070000 - 0x00007ffe4c09e000 	C:\WINDOWS\SYSTEM32\USERENV.dll
0x00007ffe4bb40000 - 0x00007ffe4bb4c000 	C:\WINDOWS\SYSTEM32\CRYPTBASE.dll
0x00007ffe41cf0000 - 0x00007ffe41d07000 	C:\WINDOWS\SYSTEM32\dhcpcsvc6.DLL
0x00007ffe41eb0000 - 0x00007ffe41ecd000 	C:\WINDOWS\SYSTEM32\dhcpcsvc.DLL
0x00007ffe43860000 - 0x00007ffe4386e000 	C:\Users\koma0\.jdks\openjdk-16\bin\sunmscapi.dll
0x00007ffe4c930000 - 0x00007ffe4ca8f000 	C:\WINDOWS\System32\CRYPT32.dll
0x00007ffe4bc50000 - 0x00007ffe4bc77000 	C:\WINDOWS\SYSTEM32\ncrypt.dll
0x00007ffe4bc10000 - 0x00007ffe4bc4b000 	C:\WINDOWS\SYSTEM32\NTASN1.dll
0x00007ffe43820000 - 0x00007ffe43827000 	C:\WINDOWS\system32\wshunix.dll

dbghelp: loaded successfully - version: 4.0.5 - missing functions: none
symbol engine: initialized successfully - sym options: 0x614 - pdb path: .;C:\Users\koma0\.jdks\openjdk-16\bin;C:\WINDOWS\SYSTEM32;C:\WINDOWS\WinSxS\amd64_microsoft.windows.common-controls_6595b64144ccf1df_6.0.19041.844_none_ca00b6081b84eb1d;C:\Users\koma0\.jdks\openjdk-16\bin\server;C:\Program Files\Bonjour

VM Arguments:
jvm_args: -agentlib:jdwp=transport=dt_socket,address=127.0.0.1:58439,suspend=y,server=n -javaagent:C:\Users\koma0\AppData\Local\JetBrains\IdeaIC2020.2\captureAgent\debugger-agent.jar -Dfile.encoding=UTF-8 
java_command: com.example.Spring.Application
java_class_path (initial): D:\server\sweater-AddBootstrap\target\classes;C:\Users\koma0\.m2\repository\org\springframework\boot\spring-boot-starter-web\2.4.1\spring-boot-starter-web-2.4.1.jar;C:\Users\koma0\.m2\repository\org\springframework\boot\spring-boot-starter\2.4.1\spring-boot-starter-2.4.1.jar;C:\Users\koma0\.m2\repository\org\springframework\boot\spring-boot-starter-logging\2.4.1\spring-boot-starter-logging-2.4.1.jar;C:\Users\koma0\.m2\repository\ch\qos\logback\logback-classic\1.2.3\logback-classic-1.2.3.jar;C:\Users\koma0\.m2\repository\ch\qos\logback\logback-core\1.2.3\logback-core-1.2.3.jar;C:\Users\koma0\.m2\repository\org\apache\logging\log4j\log4j-to-slf4j\2.13.3\log4j-to-slf4j-2.13.3.jar;C:\Users\koma0\.m2\repository\org\apache\logging\log4j\log4j-api\2.13.3\log4j-api-2.13.3.jar;C:\Users\koma0\.m2\repository\org\slf4j\jul-to-slf4j\1.7.30\jul-to-slf4j-1.7.30.jar;C:\Users\koma0\.m2\repository\jakarta\annotation\jakarta.annotation-api\1.3.5\jakarta.annotation-api-1.3.5.jar;C:\Users\koma0\.m2\repository\org\springframework\spring-core\5.3.2\spring-core-5.3.2.jar;C:\Users\koma0\.m2\repository\org\yaml\snakeyaml\1.27\snakeyaml-1.27.jar;C:\Users\koma0\.m2\repository\org\springframework\boot\spring-boot-starter-json\2.4.1\spring-boot-starter-json-2.4.1.jar;C:\Users\koma0\.m2\repository\com\fasterxml\jackson\core\jackson-databind\2.11.3\jackson-databind-2.11.3.jar;C:\Users\koma0\.m2\repository\com\fasterxml\jackson\core\jackson-annotations\2.11.3\jackson-annotations-2.11.3.jar;C:\Users\koma0\.m2\repository\com\fasterxml\jackson\core\jackson-core\2.11.3\jackson-core-2.11.3.jar;C:\Users\koma0\.m2\repository\com\fasterxml\jackson\datatype\jackson-datatype-jdk8\2.11.3\jackson-datatype-jdk8-2.11.3.jar;C:\Users\koma0\.m2\repository\com\fasterxml\jackson\datatype\jackson-datatype-jsr310\2.11.3\jackson-datatype-jsr310-2.11.3.jar;C:\Users\koma0\.m2\repository\com\fasterxml\jackson\module\jackson-module-parameter-names\2.11.3\jackson-module-parameter-names-2.11.3.jar
Launcher Type: SUN_STANDARD

[Global flags]
     intx CICompilerCount                          = 4                                         {product} {ergonomic}
     uint ConcGCThreads                            = 2                                         {product} {ergonomic}
     uint G1ConcRefinementThreads                  = 8                                         {product} {ergonomic}
   size_t G1HeapRegionSize                         = 1048576                                   {product} {ergonomic}
    uintx GCDrainStackTargetSize                   = 64                                        {product} {ergonomic}
   size_t InitialHeapSize                          = 132120576                                 {product} {ergonomic}
   size_t MarkStackSize                            = 4194304                                   {product} {ergonomic}
   size_t MaxHeapSize                              = 2113929216                                {product} {ergonomic}
   size_t MaxNewSize                               = 1267728384                                {product} {ergonomic}
   size_t MinHeapDeltaBytes                        = 1048576                                   {product} {ergonomic}
   size_t MinHeapSize                              = 8388608                                   {product} {ergonomic}
    uintx NonNMethodCodeHeapSize                   = 5839372                                {pd product} {ergonomic}
    uintx NonProfiledCodeHeapSize                  = 122909434                              {pd product} {ergonomic}
    uintx ProfiledCodeHeapSize                     = 122909434                              {pd product} {ergonomic}
    uintx ReservedCodeCacheSize                    = 251658240                              {pd product} {ergonomic}
     bool SegmentedCodeCache                       = true                                      {product} {ergonomic}
   size_t SoftMaxHeapSize                          = 2113929216                             {manageable} {ergonomic}
     bool UseCompressedClassPointers               = true                           {product lp64_product} {ergonomic}
     bool UseCompressedOops                        = true                           {product lp64_product} {ergonomic}
     bool UseG1GC                                  = true                                      {product} {ergonomic}
     bool UseLargePagesIndividualAllocation        = false                                  {pd product} {ergonomic}

Logging:
Log output configuration:
 #0: stdout all=warning uptime,level,tags
 #1: stderr all=off uptime,level,tags

Environment Variables:
PATH=C:\Program Files (x86)\VMware\VMware Workstation\bin\;C:\Program Files\NVIDIA GPU Computing Toolkit\CUDA\v10.0\bin;C:\Program Files\NVIDIA GPU Computing Toolkit\CUDA\v10.0\libnvvp;C:\Program Files (x86)\Common Files\Oracle\Java\javapath;C:\Windows\system32;C:\Windows;C:\Windows\System32\Wbem;C:\Windows\System32\WindowsPowerShell\v1.0\;C:\Windows\System32\OpenSSH\;C:\Program Files (x86)\NVIDIA Corporation\PhysX\Common;C:\Program Files\MATLAB\R2014a\runtime\win64;C:\Program Files\MATLAB\R2014a\bin;C:\Program Files\MATLAB\R2014a\polyspace\bin;C:\WINDOWS\system32;C:\WINDOWS;C:\WINDOWS\System32\Wbem;C:\WINDOWS\System32\WindowsPowerShell\v1.0\;C:\WINDOWS\System32\OpenSSH\;C:\Program Files\Git\cmd;C:\Program Files (x86)\Intel\Intel(R) Management Engine Components\DAL;C:\Program Files\Intel\Intel(R) Management Engine Components\DAL;C:\Library\Developer\Toolchains\unknown-Asserts-development.xctoolchain\usr\bin;C:\Library\Swift-development\bin;C:\Library\icu-67\usr\bin;C:\Users\koma0\AppData\Local\Programs\Python\Python37\Scripts\;C:\Users\koma0\AppData\Local\Programs\Python\Python37\;C:\Users\koma0\AppData\Local\Programs\Python\Python36\Scripts\;C:\Users\koma0\AppData\Local\Programs\Python\Python36\;C:\Users\koma0\AppData\Local\Microsoft\WindowsApps;C:\Program Files\JetBrains\PyCharm Community Edition 2020.2.1\bin;C:\Users\koma0\AppData\Local\atom\bin;C:\Program Files\heroku\bin;C:\Users\koma0\AppData\Local\Programs\Microsoft VS Code\bin
USERNAME=Rustam
OS=Windows_NT
PROCESSOR_IDENTIFIER=Intel64 Family 6 Model 158 Stepping 9, GenuineIntel



---------------  S Y S T E M  ---------------

OS:
 Windows 10 , 64 bit Build 19041 (10.0.19041.928)
OS uptime: 14 days 0:52 hours

CPU: total 8 (initial active 8) (4 cores per cpu, 2 threads per core) family 6 model 158 stepping 9 microcode 0xde, cx8, cmov, fxsr, ht, mmx, 3dnowpref, sse, sse2, sse3, ssse3, sse4.1, sse4.2, popcnt, lzcnt, tsc, tscinvbit, avx, avx2, aes, erms, clmul, bmi1, bmi2, adx, fma, vzeroupper, clflush, clflushopt

Memory: 4k page, system-wide physical 8058M (1482M free)
TotalPageFile size 18051M (AvailPageFile size 5608M)
current process WorkingSet (physical memory assigned to process): 441M, peak: 723M
current process commit charge ("private bytes"): 480M, peak: 765M

vm_info: OpenJDK 64-Bit Server VM (16+36-2231) for windows-amd64 JRE (16+36-2231), built on Feb  8 2021 11:39:36 by "mach5one" with MS VC++ 16.7 (VS2019)

END.
